<?xml version="1.0" encoding="UTF-8"?>
<!-- Generated by org.testng.reporters.JUnitReportReporter -->
<testsuite skipped="0" hostname="DESKTOP-DAP7KSU" name="tests.Threadlocal2" tests="24" failures="0" timestamp="15 Jul 2018 10:16:29 GMT" time="487.127" errors="0">
  <testcase name="testMethod9" time="20.864" classname="tests.Threadlocal2"/>
  <testcase name="testMethod2" time="17.545" classname="tests.Threadlocal2"/>
  <testcase name="testMethod5" time="17.049" classname="tests.Threadlocal2"/>
  <testcase name="testMethod7" time="22.849" classname="tests.Threadlocal2"/>
  <testcase name="testMethod8" time="17.897" classname="tests.Threadlocal2"/>
  <testcase name="testMethod6" time="23.162" classname="tests.Threadlocal2"/>
  <testcase name="testMethod9" time="17.657" classname="tests.Threadlocal2"/>
  <testcase name="testMethod11" time="22.082" classname="tests.Threadlocal2"/>
  <testcase name="testMethod5" time="19.508" classname="tests.Threadlocal2"/>
  <testcase name="testMethod1" time="27.282" classname="tests.Threadlocal2"/>
  <testcase name="testMethod3" time="17.187" classname="tests.Threadlocal2"/>
  <testcase name="testMethod8" time="26.050" classname="tests.Threadlocal2"/>
  <testcase name="testMethod11" time="17.578" classname="tests.Threadlocal2"/>
  <testcase name="testMethod7" time="20.430" classname="tests.Threadlocal2"/>
  <testcase name="testMethod3" time="17.572" classname="tests.Threadlocal2"/>
  <testcase name="testMethod1" time="26.909" classname="tests.Threadlocal2"/>
  <testcase name="testMethod10" time="18.847" classname="tests.Threadlocal2"/>
  <testcase name="testMethod2" time="20.260" classname="tests.Threadlocal2"/>
  <testcase name="testMethod12" time="18.157" classname="tests.Threadlocal2"/>
  <testcase name="testMethod4" time="17.005" classname="tests.Threadlocal2"/>
  <testcase name="testMethod12" time="22.015" classname="tests.Threadlocal2"/>
  <testcase name="testMethod4" time="18.665" classname="tests.Threadlocal2"/>
  <testcase name="testMethod10" time="22.351" classname="tests.Threadlocal2"/>
  <testcase name="testMethod6" time="18.206" classname="tests.Threadlocal2"/>
</testsuite> <!-- tests.Threadlocal2 -->
