<?xml version="1.0" encoding="UTF-8"?>
<!-- Generated by org.testng.reporters.JUnitReportReporter -->
<testsuite name="tests.ThreadLocalDemo" tests="25" time="338.577" ignored="0" failures="0" timestamp="13 Jul 2018 12:19:09 GMT" skipped="0" hostname="CSCINDAE752636" errors="0">
  <testcase name="testMethod24" time="14.888" classname="tests.ThreadLocalDemo"/>
  <testcase name="testMethod13" time="12.073" classname="tests.ThreadLocalDemo"/>
  <testcase name="testMethod20" time="10.158" classname="tests.ThreadLocalDemo"/>
  <testcase name="testMethod7" time="16.824" classname="tests.ThreadLocalDemo"/>
  <testcase name="testMethod19" time="9.940" classname="tests.ThreadLocalDemo"/>
  <testcase name="testMethod6" time="14.864" classname="tests.ThreadLocalDemo"/>
  <testcase name="testMethod25" time="17.808" classname="tests.ThreadLocalDemo"/>
  <testcase name="testMethod5" time="16.934" classname="tests.ThreadLocalDemo"/>
  <testcase name="testMethod10" time="12.692" classname="tests.ThreadLocalDemo"/>
  <testcase name="testMethod9" time="12.556" classname="tests.ThreadLocalDemo"/>
  <testcase name="testMethod22" time="11.716" classname="tests.ThreadLocalDemo"/>
  <testcase name="testMethod12" time="13.908" classname="tests.ThreadLocalDemo"/>
  <testcase name="testMethod17" time="13.233" classname="tests.ThreadLocalDemo"/>
  <testcase name="testMethod18" time="9.728" classname="tests.ThreadLocalDemo"/>
  <testcase name="testMethod8" time="12.737" classname="tests.ThreadLocalDemo"/>
  <testcase name="testMethod21" time="14.835" classname="tests.ThreadLocalDemo"/>
  <testcase name="testMethod2" time="12.437" classname="tests.ThreadLocalDemo"/>
  <testcase name="testMethod15" time="16.819" classname="tests.ThreadLocalDemo"/>
  <testcase name="testMethod3" time="13.184" classname="tests.ThreadLocalDemo"/>
  <testcase name="testMethod14" time="13.231" classname="tests.ThreadLocalDemo"/>
  <testcase name="testMethod11" time="11.842" classname="tests.ThreadLocalDemo"/>
  <testcase name="testMethod1" time="14.862" classname="tests.ThreadLocalDemo"/>
  <testcase name="testMethod16" time="9.879" classname="tests.ThreadLocalDemo"/>
  <testcase name="testMethod23" time="16.815" classname="tests.ThreadLocalDemo"/>
  <testcase name="testMethod4" time="14.614" classname="tests.ThreadLocalDemo"/>
</testsuite> <!-- tests.ThreadLocalDemo -->
