<?xml version="1.0" encoding="UTF-8"?>
<!-- Generated by org.testng.reporters.JUnitReportReporter -->
<testsuite skipped="0" hostname="DESKTOP-DAP7KSU" name="tests.ThreadLocalDemo" tests="1" failures="0" timestamp="16 Jul 2018 03:55:24 GMT" time="26.687" errors="0">
  <testcase name="testMethod1" time="26.687" classname="tests.ThreadLocalDemo"/>
</testsuite> <!-- tests.ThreadLocalDemo -->
